<?xml version="1.0" encoding="UTF-8"?>
<testng-results skipped="0" failed="1" total="1" passed="0">
  <reporter-output>
  </reporter-output>
  <suite name="Default suite" duration-ms="246550" started-at="2016-01-22T09:58:46Z" finished-at="2016-01-22T10:02:53Z">
    <groups>
    </groups>
    <test name="Default test" duration-ms="246550" started-at="2016-01-22T09:58:46Z" finished-at="2016-01-22T10:02:53Z">
      <class name="com.AppiumTest.AppiumiOSTest">
        <test-method status="PASS" signature="setUp()[pri:0, instance:com.AppiumTest.AppiumiOSTest@2acf57e3]" name="setUp" is-config="true" duration-ms="74329" started-at="2016-01-22T15:28:46Z" finished-at="2016-01-22T15:30:01Z">
          <reporter-output>
          </reporter-output>
        </test-method> <!-- setUp -->
        <test-method status="FAIL" signature="wallArt()[pri:1, instance:com.AppiumTest.AppiumiOSTest@2acf57e3]" name="wallArt" duration-ms="172166" started-at="2016-01-22T15:30:01Z" finished-at="2016-01-22T15:32:53Z">
          <exception class="org.openqa.selenium.WebDriverException">
            <message>
              <![CDATA[An unknown server-side error occurred while processing the command. (WARNING: The server did not provide any stacktrace information)
Command duration or timeout: 1.97 seconds
Build info: version: '2.49.0', revision: '365eeb4', time: '2016-01-13 18:33:29'
System info: host: 'Vivian-InteliMac.local', ip: '10.10.41.14', os.name: 'Mac OS X', os.arch: 'x86_64', os.version: '10.10.5', java.version: '1.8.0_40'
Driver info: io.appium.java_client.ios.IOSDriver
Capabilities [{app=/Users/vivian/Downloads/HP WallArt Robosoft.ipa, networkConnectionEnabled=false, warnings={}, databaseEnabled=false, deviceName=Winston-iPad2-332, platform=MAC, desired={app=/Users/vivian/Downloads/HP WallArt Robosoft.ipa, platformVersion=8.4.1, platformName=iOS, deviceName=Winston-iPad2-332, autoAcceptAlerts=true}, platformVersion=8.4.1, webStorageEnabled=false, locationContextEnabled=false, browserName=iOS, takesScreenshot=true, javascriptEnabled=true, platformName=iOS, autoAcceptAlerts=true}]
Session ID: 0b23e0b4-ffa9-4c12-8ae1-8082d8906a81]]>
            </message>
            <full-stacktrace>
              <![CDATA[org.openqa.selenium.WebDriverException: An unknown server-side error occurred while processing the command. (WARNING: The server did not provide any stacktrace information)
Command duration or timeout: 1.97 seconds
Build info: version: '2.49.0', revision: '365eeb4', time: '2016-01-13 18:33:29'
System info: host: 'Vivian-InteliMac.local', ip: '10.10.41.14', os.name: 'Mac OS X', os.arch: 'x86_64', os.version: '10.10.5', java.version: '1.8.0_40'
Driver info: io.appium.java_client.ios.IOSDriver
Capabilities [{app=/Users/vivian/Downloads/HP WallArt Robosoft.ipa, networkConnectionEnabled=false, warnings={}, databaseEnabled=false, deviceName=Winston-iPad2-332, platform=MAC, desired={app=/Users/vivian/Downloads/HP WallArt Robosoft.ipa, platformVersion=8.4.1, platformName=iOS, deviceName=Winston-iPad2-332, autoAcceptAlerts=true}, platformVersion=8.4.1, webStorageEnabled=false, locationContextEnabled=false, browserName=iOS, takesScreenshot=true, javascriptEnabled=true, platformName=iOS, autoAcceptAlerts=true}]
Session ID: 0b23e0b4-ffa9-4c12-8ae1-8082d8906a81
	at sun.reflect.NativeConstructorAccessorImpl.newInstance0(Native Method)
	at sun.reflect.NativeConstructorAccessorImpl.newInstance(NativeConstructorAccessorImpl.java:62)
	at sun.reflect.DelegatingConstructorAccessorImpl.newInstance(DelegatingConstructorAccessorImpl.java:45)
	at java.lang.reflect.Constructor.newInstance(Constructor.java:422)
	at org.openqa.selenium.remote.ErrorHandler.createThrowable(ErrorHandler.java:206)
	at org.openqa.selenium.remote.ErrorHandler.throwIfResponseFailed(ErrorHandler.java:158)
	at org.openqa.selenium.remote.RemoteWebDriver.execute(RemoteWebDriver.java:678)
	at io.appium.java_client.DefaultGenericMobileDriver.execute(DefaultGenericMobileDriver.java:42)
	at io.appium.java_client.AppiumDriver.execute(AppiumDriver.java:1)
	at io.appium.java_client.ios.IOSDriver.execute(IOSDriver.java:1)
	at org.openqa.selenium.remote.RemoteWebElement.execute(RemoteWebElement.java:327)
	at io.appium.java_client.DefaultGenericMobileElement.execute(DefaultGenericMobileElement.java:44)
	at io.appium.java_client.MobileElement.execute(MobileElement.java:1)
	at io.appium.java_client.ios.IOSElement.execute(IOSElement.java:1)
	at org.openqa.selenium.remote.RemoteWebElement.click(RemoteWebElement.java:85)
	at com.AppiumTest.AppiumiOSTest.wallArt(AppiumiOSTest.java:132)
	at sun.reflect.NativeMethodAccessorImpl.invoke0(Native Method)
	at sun.reflect.NativeMethodAccessorImpl.invoke(NativeMethodAccessorImpl.java:62)
	at sun.reflect.DelegatingMethodAccessorImpl.invoke(DelegatingMethodAccessorImpl.java:43)
	at java.lang.reflect.Method.invoke(Method.java:497)
	at org.testng.internal.MethodInvocationHelper.invokeMethod(MethodInvocationHelper.java:86)
	at org.testng.internal.Invoker.invokeMethod(Invoker.java:645)
	at org.testng.internal.Invoker.invokeTestMethod(Invoker.java:822)
	at org.testng.internal.Invoker.invokeTestMethods(Invoker.java:1130)
	at org.testng.internal.TestMethodWorker.invokeTestMethods(TestMethodWorker.java:129)
	at org.testng.internal.TestMethodWorker.run(TestMethodWorker.java:112)
	at org.testng.TestRunner.privateRun(TestRunner.java:782)
	at org.testng.TestRunner.run(TestRunner.java:632)
	at org.testng.SuiteRunner.runTest(SuiteRunner.java:366)
	at org.testng.SuiteRunner.runSequentially(SuiteRunner.java:361)
	at org.testng.SuiteRunner.privateRun(SuiteRunner.java:319)
	at org.testng.SuiteRunner.run(SuiteRunner.java:268)
	at org.testng.SuiteRunnerWorker.runSuite(SuiteRunnerWorker.java:52)
	at org.testng.SuiteRunnerWorker.run(SuiteRunnerWorker.java:86)
	at org.testng.TestNG.runSuitesSequentially(TestNG.java:1244)
	at org.testng.TestNG.runSuitesLocally(TestNG.java:1169)
	at org.testng.TestNG.run(TestNG.java:1064)
	at org.testng.remote.RemoteTestNG.run(RemoteTestNG.java:113)
	at org.testng.remote.RemoteTestNG.initAndRun(RemoteTestNG.java:206)
	at org.testng.remote.RemoteTestNG.main(RemoteTestNG.java:177)
]]>
            </full-stacktrace>
          </exception> <!-- org.openqa.selenium.WebDriverException -->
          <reporter-output>
          </reporter-output>
        </test-method> <!-- wallArt -->
        <test-method status="PASS" signature="tearDown()[pri:0, instance:com.AppiumTest.AppiumiOSTest@2acf57e3]" name="tearDown" is-config="true" duration-ms="0" started-at="2016-01-22T15:32:53Z" finished-at="2016-01-22T15:32:53Z">
          <reporter-output>
          </reporter-output>
        </test-method> <!-- tearDown -->
      </class> <!-- com.AppiumTest.AppiumiOSTest -->
    </test> <!-- Default test -->
  </suite> <!-- Default suite -->
</testng-results>
